<?xml version="1.0" encoding="UTF-8"?>
<!-- Generated by org.testng.reporters.JUnitReportReporter -->
<testsuite hostname="Laptop-60" failures="0" tests="1" name="jenkinsdemo.UITest" time="22.041" errors="0" timestamp="2024-03-09T15:22:09 IST" skipped="0">
  <testcase classname="jenkinsdemo.UITest" name="startbrowser" time="22.041"/>
  <system-out/>
</testsuite> <!-- jenkinsdemo.UITest -->
